Determining size of off64_t failed with the following output:
Change Dir: C:/Development/op3d_active/qhull-7.3.1/msvc/CMakeFiles/CMakeTmp

Run Build Command(s):C:/Program Files (x86)/Microsoft Visual Studio/2017/Enterprise/MSBuild/15.0/Bin/MSBuild.exe cmTC_2d5f0.vcxproj /p:Configuration=Debug /p:Platform=x64 /p:VisualStudioVersion=15.0 /v:m 
Microsoft (R) Build Engine version 15.9.21+g9802d43bc3 for .NET Framework
Copyright (C) Microsoft Corporation. All rights reserved.

  Microsoft (R) C/C++ Optimizing Compiler Version 19.16.27038 for x64
  Copyright (C) Microsoft Corporation.  All rights reserved.
  
  cl /c /I"C:\Program Files (x86)\Visual Leak Detector\include" /Zi /W3 /WX- /diagnostics:classic /Od /Ob0 /D WIN32 /D _WINDOWS /D _LARGEFILE_SOURCE /D _LARGE_FILES /D _FILE_OFFSET_BITS=64 /D __STDC_LIMIT_MACROS /D __STDC_CONSTANT_MACROS /D __STDC_FORMAT_MACROS /D "CMAKE_INTDIR=\"Debug\"" /D _MBCS /Gm- /RTC1 /MDd /GS /fp:precise /Zc:wchar_t /Zc:forScope /Zc:inline /Fo"cmTC_2d5f0.dir\Debug\\" /Fd"cmTC_2d5f0.dir\Debug\vc141.pdb" /Gd /TC /errorReport:queue "C:\Development\op3d_active\qhull-7.3.1\msvc\CMakeFiles\CheckTypeSize\SIZEOF_OFF64_T.c"
  
  SIZEOF_OFF64_T.c
C:\Development\op3d_active\qhull-7.3.1\msvc\CMakeFiles\CheckTypeSize\SIZEOF_OFF64_T.c(25): error C2065: 'off64_t': undeclared identifier [C:\Development\op3d_active\qhull-7.3.1\msvc\CMakeFiles\CMakeTmp\cmTC_2d5f0.vcxproj]
C:\Development\op3d_active\qhull-7.3.1\msvc\CMakeFiles\CheckTypeSize\SIZEOF_OFF64_T.c(26): error C2065: 'off64_t': undeclared identifier [C:\Development\op3d_active\qhull-7.3.1\msvc\CMakeFiles\CMakeTmp\cmTC_2d5f0.vcxproj]
C:\Development\op3d_active\qhull-7.3.1\msvc\CMakeFiles\CheckTypeSize\SIZEOF_OFF64_T.c(27): error C2065: 'off64_t': undeclared identifier [C:\Development\op3d_active\qhull-7.3.1\msvc\CMakeFiles\CMakeTmp\cmTC_2d5f0.vcxproj]
C:\Development\op3d_active\qhull-7.3.1\msvc\CMakeFiles\CheckTypeSize\SIZEOF_OFF64_T.c(28): error C2065: 'off64_t': undeclared identifier [C:\Development\op3d_active\qhull-7.3.1\msvc\CMakeFiles\CMakeTmp\cmTC_2d5f0.vcxproj]
C:\Development\op3d_active\qhull-7.3.1\msvc\CMakeFiles\CheckTypeSize\SIZEOF_OFF64_T.c(29): error C2065: 'off64_t': undeclared identifier [C:\Development\op3d_active\qhull-7.3.1\msvc\CMakeFiles\CMakeTmp\cmTC_2d5f0.vcxproj]

C:/Development/op3d_active/qhull-7.3.1/msvc/CMakeFiles/CheckTypeSize/SIZEOF_OFF64_T.c:
#include <sys/types.h>
#include <stdint.h>
#include <stddef.h>


#undef KEY
#if defined(__i386)
# define KEY '_','_','i','3','8','6'
#elif defined(__x86_64)
# define KEY '_','_','x','8','6','_','6','4'
#elif defined(__ppc__)
# define KEY '_','_','p','p','c','_','_'
#elif defined(__ppc64__)
# define KEY '_','_','p','p','c','6','4','_','_'
#elif defined(__aarch64__)
# define KEY '_','_','a','a','r','c','h','6','4','_','_'
#elif defined(__ARM_ARCH_7A__)
# define KEY '_','_','A','R','M','_','A','R','C','H','_','7','A','_','_'
#elif defined(__ARM_ARCH_7S__)
# define KEY '_','_','A','R','M','_','A','R','C','H','_','7','S','_','_'
#endif

#define SIZE (sizeof(off64_t))
char info_size[] =  {'I', 'N', 'F', 'O', ':', 's','i','z','e','[',
  ('0' + ((SIZE / 10000)%10)),
  ('0' + ((SIZE / 1000)%10)),
  ('0' + ((SIZE / 100)%10)),
  ('0' + ((SIZE / 10)%10)),
  ('0' +  (SIZE    % 10)),
  ']',
#ifdef KEY
  ' ','k','e','y','[', KEY, ']',
#endif
  '\0'};

#ifdef __CLASSIC_C__
int main(argc, argv) int argc; char *argv[];
#else
int main(int argc, char *argv[])
#endif
{
  int require = 0;
  require += info_size[argc];
  (void)argv;
  return require;
}


